<?xml version="1.0" encoding="UTF-8"?>
<testsuites name="Data Driven Positif" time="14.913" tests="1" failures="0" errors="0">
   <testsuite name="Data Driven Positif" tests="1" failures="0" errors="0" time="14.913" skipped="0" timestamp="2023-01-23 17:34:00" hostname="Muhifa - iiYzy" id="Test Suites/Data Driven Positif">
      <properties>
         <property name="deviceName" value=""/>
         <property name="devicePlatform" value=""/>
         <property name="logFolder" value="C:\\Users\\Muhifa\\git\\Quiz-Day-7-Katalon-Upload-File\\Reports\\20230123_173355\\Data Driven Positif\\20230123_173356"/>
         <property name="logFiles" value="C:\\Users\\Muhifa\\git\\Quiz-Day-7-Katalon-Upload-File\\Reports\\20230123_173355\\Data Driven Positif\\20230123_173356\\execution0.log"/>
         <property name="attachments" value=""/>
         <property name="hostName" value="Muhifa - iiYzy"/>
         <property name="os" value="Windows 10 64bit"/>
         <property name="katalonVersion" value="8.5.5.208"/>
         <property name="browser" value="Chrome 109.0.0.0"/>
         <property name="hostAddress" value="192.168.100.27"/>
         <property name="sessionId" value="7cc4a6c847f5b50da4e20dfb4345771f"/>
         <property name="seleniumVersion" value="3.141.59"/>
         <property name="proxyInformation" value="ProxyInformation { proxyOption=NO_PROXY, proxyServerType=HTTP, username=, password=********, proxyServerAddress=, proxyServerPort=0, executionList=&quot;&quot;, isApplyToDesiredCapabilities=true }"/>
         <property name="platform" value="Windows 10"/>
      </properties>
      <testcase name="Test Cases/Data Driven Testing/Form Authentication" time="14.422" classname="Test Cases/Data Driven Testing/Form Authentication" status="PASSED">
         <system-out><![CDATA[2023-01-23 17:34:00 - [TEST_CASE][PASSED] - Test Cases/Data Driven Testing/Form Authentication: Test Cases/Data Driven Testing/Form Authentication

2023-01-23 17:34:01 - [TEST_STEP][PASSED] - openBrowser(""): Browser is opened with url: ''

2023-01-23 17:34:01 - [MESSAGE][INFO] - Starting 'Chrome' driver

2023-01-23 17:34:01 - [MESSAGE][INFO] - Action delay is set to 0 milliseconds

2023-01-23 17:34:03 - [MESSAGE][PASSED] - Browser is opened with url: ''

2023-01-23 17:34:03 - [TEST_STEP][PASSED] - navigateToUrl("http://the-internet.herokuapp.com/"): Navigate to 'http://the-internet.herokuapp.com/' successfully

2023-01-23 17:34:09 - [MESSAGE][PASSED] - Navigate to 'http://the-internet.herokuapp.com/' successfully

2023-01-23 17:34:09 - [TEST_STEP][PASSED] - click(findTestObject("Object Repository/Page_The Internet/a_Form Authentication")): Object: 'Object Repository/Page_The Internet/a_Form Authentication' is clicked on

2023-01-23 17:34:10 - [MESSAGE][PASSED] - Object: 'Object Repository/Page_The Internet/a_Form Authentication' is clicked on

2023-01-23 17:34:10 - [TEST_STEP][PASSED] - click(findTestObject("Object Repository/Page_The Internet/input_Username_username")): Object: 'Object Repository/Page_The Internet/input_Username_username' is clicked on

2023-01-23 17:34:11 - [MESSAGE][PASSED] - Object: 'Object Repository/Page_The Internet/input_Username_username' is clicked on

2023-01-23 17:34:11 - [TEST_STEP][PASSED] - click(findTestObject("Object Repository/Page_The Internet/h4_This is where you can log into the secur_96f4ce")): Object: 'Object Repository/Page_The Internet/h4_This is where you can log into the secur_96f4ce' is clicked on

2023-01-23 17:34:11 - [MESSAGE][PASSED] - Object: 'Object Repository/Page_The Internet/h4_This is where you can log into the secur_96f4ce' is clicked on

2023-01-23 17:34:11 - [TEST_STEP][PASSED] - setText(findTestObject("Object Repository/Page_The Internet/input_Username_username"), username): Text 'tomsmith' is set on object 'Object Repository/Page_The Internet/input_Username_username'

2023-01-23 17:34:12 - [MESSAGE][PASSED] - Text 'tomsmith' is set on object 'Object Repository/Page_The Internet/input_Username_username'

2023-01-23 17:34:12 - [TEST_STEP][PASSED] - click(findTestObject("Object Repository/Page_The Internet/h4_This is where you can log into the secur_96f4ce")): Object: 'Object Repository/Page_The Internet/h4_This is where you can log into the secur_96f4ce' is clicked on

2023-01-23 17:34:12 - [MESSAGE][PASSED] - Object: 'Object Repository/Page_The Internet/h4_This is where you can log into the secur_96f4ce' is clicked on

2023-01-23 17:34:12 - [TEST_STEP][PASSED] - setEncryptedText(findTestObject("Object Repository/Page_The Internet/input_Password_password"), password): Text ****** has been set on object 'Object Repository/Page_The Internet/input_Password_password'

2023-01-23 17:34:13 - [MESSAGE][PASSED] - Text ****** has been set on object 'Object Repository/Page_The Internet/input_Password_password'

2023-01-23 17:34:13 - [TEST_STEP][PASSED] - click(findTestObject("Object Repository/Page_The Internet/button_Login")): Object: 'Object Repository/Page_The Internet/button_Login' is clicked on

2023-01-23 17:34:14 - [MESSAGE][PASSED] - Object: 'Object Repository/Page_The Internet/button_Login' is clicked on

2023-01-23 17:34:14 - [TEST_STEP][PASSED] - closeBrowser(): Browser is closed

2023-01-23 17:34:14 - [MESSAGE][PASSED] - Browser is closed]]></system-out>
         <system-err><![CDATA[]]></system-err>
      </testcase>
      <system-out><![CDATA[2023-01-23 17:34:00 - [TEST_SUITE][PASSED] - Data Driven Positif: Test Cases/Data Driven Testing/Form Authentication]]></system-out>
      <system-err><![CDATA[]]></system-err>
   </testsuite>
</testsuites>
