<?xml version="1.0" encoding="UTF-8"?>
<testsuites name="Data Driven Negative" time="31.136" tests="3" failures="0" errors="0">
   <testsuite name="Data Driven Negative" tests="3" failures="0" errors="0" time="31.136" skipped="0" timestamp="2023-01-23 17:42:46" hostname="Muhifa - iiYzy" id="Test Suites/Data Driven Negative">
      <properties>
         <property name="deviceName" value=""/>
         <property name="devicePlatform" value=""/>
         <property name="logFolder" value="C:\\Users\\Muhifa\\git\\Quiz-Day-7-Katalon-Upload-File\\Reports\\20230123_174243\\Data Driven Negative\\20230123_174243"/>
         <property name="logFiles" value="C:\\Users\\Muhifa\\git\\Quiz-Day-7-Katalon-Upload-File\\Reports\\20230123_174243\\Data Driven Negative\\20230123_174243\\execution0.log"/>
         <property name="attachments" value=""/>
         <property name="hostName" value="Muhifa - iiYzy"/>
         <property name="os" value="Windows 10 64bit"/>
         <property name="katalonVersion" value="8.5.5.208"/>
         <property name="browser" value="Chrome 109.0.0.0"/>
         <property name="hostAddress" value="192.168.100.27"/>
         <property name="sessionId" value="2740a60b472a0bfb5d0f8e4e646d69fd"/>
         <property name="seleniumVersion" value="3.141.59"/>
         <property name="proxyInformation" value="ProxyInformation { proxyOption=NO_PROXY, proxyServerType=HTTP, username=, password=********, proxyServerAddress=, proxyServerPort=0, executionList=&quot;&quot;, isApplyToDesiredCapabilities=true }"/>
         <property name="platform" value="Windows 10"/>
      </properties>
      <testcase name="Test Cases/Data Driven Testing/Form Authentication Negative" time="10.6" classname="Test Cases/Data Driven Testing/Form Authentication Negative" status="PASSED">
         <system-out><![CDATA[2023-01-23 17:42:47 - [TEST_CASE][PASSED] - Test Cases/Data Driven Testing/Form Authentication Negative: Test Cases/Data Driven Testing/Form Authentication Negative

2023-01-23 17:42:47 - [TEST_STEP][PASSED] - openBrowser(""): Browser is opened with url: ''

2023-01-23 17:42:48 - [MESSAGE][INFO] - Starting 'Chrome' driver

2023-01-23 17:42:48 - [MESSAGE][INFO] - Action delay is set to 0 milliseconds

2023-01-23 17:42:50 - [MESSAGE][PASSED] - Browser is opened with url: ''

2023-01-23 17:42:50 - [TEST_STEP][PASSED] - navigateToUrl("http://the-internet.herokuapp.com/"): Navigate to 'http://the-internet.herokuapp.com/' successfully

2023-01-23 17:42:53 - [MESSAGE][PASSED] - Navigate to 'http://the-internet.herokuapp.com/' successfully

2023-01-23 17:42:53 - [TEST_STEP][PASSED] - click(findTestObject("Object Repository/Page_The Internet/a_Form Authentication")): Object: 'Object Repository/Page_The Internet/a_Form Authentication' is clicked on

2023-01-23 17:42:54 - [MESSAGE][PASSED] - Object: 'Object Repository/Page_The Internet/a_Form Authentication' is clicked on

2023-01-23 17:42:54 - [TEST_STEP][PASSED] - setText(findTestObject("Object Repository/Page_The Internet/input_Username_username"), userneme): Text 'Ujang' is set on object 'Object Repository/Page_The Internet/input_Username_username'

2023-01-23 17:42:55 - [MESSAGE][PASSED] - Text 'Ujang' is set on object 'Object Repository/Page_The Internet/input_Username_username'

2023-01-23 17:42:55 - [TEST_STEP][PASSED] - setEncryptedText(findTestObject("Object Repository/Page_The Internet/input_Password_password"), password): Text ****** has been set on object 'Object Repository/Page_The Internet/input_Password_password'

2023-01-23 17:42:55 - [MESSAGE][PASSED] - Text ****** has been set on object 'Object Repository/Page_The Internet/input_Password_password'

2023-01-23 17:42:55 - [TEST_STEP][PASSED] - click(findTestObject("Object Repository/Page_The Internet/i_Login")): Object: 'Object Repository/Page_The Internet/i_Login' is clicked on

2023-01-23 17:42:56 - [MESSAGE][PASSED] - Object: 'Object Repository/Page_The Internet/i_Login' is clicked on

2023-01-23 17:42:56 - [TEST_STEP][PASSED] - verifyTextPresent("Your username is invalid!", false): Text 'Your username is invalid!' is present on page 

2023-01-23 17:42:57 - [MESSAGE][PASSED] - Text 'Your username is invalid!' is present on page 

2023-01-23 17:42:57 - [TEST_STEP][PASSED] - closeBrowser(): Browser is closed

2023-01-23 17:42:57 - [MESSAGE][PASSED] - Browser is closed]]></system-out>
         <system-err><![CDATA[]]></system-err>
      </testcase>
      <testcase name="Test Cases/Data Driven Testing/Form Authentication Negative" time="8.487" classname="Test Cases/Data Driven Testing/Form Authentication Negative" status="PASSED">
         <system-out><![CDATA[2023-01-23 17:42:57 - [TEST_CASE][PASSED] - Test Cases/Data Driven Testing/Form Authentication Negative: Test Cases/Data Driven Testing/Form Authentication Negative

2023-01-23 17:42:57 - [TEST_STEP][PASSED] - openBrowser(""): Browser is opened with url: ''

2023-01-23 17:42:57 - [MESSAGE][INFO] - Starting 'Chrome' driver

2023-01-23 17:42:57 - [MESSAGE][INFO] - Action delay is set to 0 milliseconds

2023-01-23 17:42:59 - [MESSAGE][PASSED] - Browser is opened with url: ''

2023-01-23 17:42:59 - [TEST_STEP][PASSED] - navigateToUrl("http://the-internet.herokuapp.com/"): Navigate to 'http://the-internet.herokuapp.com/' successfully

2023-01-23 17:43:01 - [MESSAGE][PASSED] - Navigate to 'http://the-internet.herokuapp.com/' successfully

2023-01-23 17:43:01 - [TEST_STEP][PASSED] - click(findTestObject("Object Repository/Page_The Internet/a_Form Authentication")): Object: 'Object Repository/Page_The Internet/a_Form Authentication' is clicked on

2023-01-23 17:43:03 - [MESSAGE][PASSED] - Object: 'Object Repository/Page_The Internet/a_Form Authentication' is clicked on

2023-01-23 17:43:03 - [TEST_STEP][PASSED] - setText(findTestObject("Object Repository/Page_The Internet/input_Username_username"), userneme): Text 'saya' is set on object 'Object Repository/Page_The Internet/input_Username_username'

2023-01-23 17:43:03 - [MESSAGE][PASSED] - Text 'saya' is set on object 'Object Repository/Page_The Internet/input_Username_username'

2023-01-23 17:43:03 - [TEST_STEP][PASSED] - setEncryptedText(findTestObject("Object Repository/Page_The Internet/input_Password_password"), password): Text ****** has been set on object 'Object Repository/Page_The Internet/input_Password_password'

2023-01-23 17:43:04 - [MESSAGE][PASSED] - Text ****** has been set on object 'Object Repository/Page_The Internet/input_Password_password'

2023-01-23 17:43:04 - [TEST_STEP][PASSED] - click(findTestObject("Object Repository/Page_The Internet/i_Login")): Object: 'Object Repository/Page_The Internet/i_Login' is clicked on

2023-01-23 17:43:05 - [MESSAGE][PASSED] - Object: 'Object Repository/Page_The Internet/i_Login' is clicked on

2023-01-23 17:43:05 - [TEST_STEP][PASSED] - verifyTextPresent("Your username is invalid!", false): Text 'Your username is invalid!' is present on page 

2023-01-23 17:43:05 - [MESSAGE][PASSED] - Text 'Your username is invalid!' is present on page 

2023-01-23 17:43:05 - [TEST_STEP][PASSED] - closeBrowser(): Browser is closed

2023-01-23 17:43:06 - [MESSAGE][PASSED] - Browser is closed]]></system-out>
         <system-err><![CDATA[]]></system-err>
      </testcase>
      <testcase name="Test Cases/Data Driven Testing/Form Authentication Negative" time="11.482" classname="Test Cases/Data Driven Testing/Form Authentication Negative" status="PASSED">
         <system-out><![CDATA[2023-01-23 17:43:06 - [TEST_CASE][PASSED] - Test Cases/Data Driven Testing/Form Authentication Negative: Test Cases/Data Driven Testing/Form Authentication Negative

2023-01-23 17:43:06 - [TEST_STEP][PASSED] - openBrowser(""): Browser is opened with url: ''

2023-01-23 17:43:06 - [MESSAGE][INFO] - Starting 'Chrome' driver

2023-01-23 17:43:06 - [MESSAGE][INFO] - Action delay is set to 0 milliseconds

2023-01-23 17:43:07 - [MESSAGE][PASSED] - Browser is opened with url: ''

2023-01-23 17:43:07 - [TEST_STEP][PASSED] - navigateToUrl("http://the-internet.herokuapp.com/"): Navigate to 'http://the-internet.herokuapp.com/' successfully

2023-01-23 17:43:13 - [MESSAGE][PASSED] - Navigate to 'http://the-internet.herokuapp.com/' successfully

2023-01-23 17:43:13 - [TEST_STEP][PASSED] - click(findTestObject("Object Repository/Page_The Internet/a_Form Authentication")): Object: 'Object Repository/Page_The Internet/a_Form Authentication' is clicked on

2023-01-23 17:43:14 - [MESSAGE][PASSED] - Object: 'Object Repository/Page_The Internet/a_Form Authentication' is clicked on

2023-01-23 17:43:14 - [TEST_STEP][PASSED] - setText(findTestObject("Object Repository/Page_The Internet/input_Username_username"), userneme): Text 'bayu-' is set on object 'Object Repository/Page_The Internet/input_Username_username'

2023-01-23 17:43:15 - [MESSAGE][PASSED] - Text 'bayu-' is set on object 'Object Repository/Page_The Internet/input_Username_username'

2023-01-23 17:43:15 - [TEST_STEP][PASSED] - setEncryptedText(findTestObject("Object Repository/Page_The Internet/input_Password_password"), password): Text ****** has been set on object 'Object Repository/Page_The Internet/input_Password_password'

2023-01-23 17:43:15 - [MESSAGE][PASSED] - Text ****** has been set on object 'Object Repository/Page_The Internet/input_Password_password'

2023-01-23 17:43:15 - [TEST_STEP][PASSED] - click(findTestObject("Object Repository/Page_The Internet/i_Login")): Object: 'Object Repository/Page_The Internet/i_Login' is clicked on

2023-01-23 17:43:16 - [MESSAGE][PASSED] - Object: 'Object Repository/Page_The Internet/i_Login' is clicked on

2023-01-23 17:43:16 - [TEST_STEP][PASSED] - verifyTextPresent("Your username is invalid!", false): Text 'Your username is invalid!' is present on page 

2023-01-23 17:43:17 - [MESSAGE][PASSED] - Text 'Your username is invalid!' is present on page 

2023-01-23 17:43:17 - [TEST_STEP][PASSED] - closeBrowser(): Browser is closed

2023-01-23 17:43:17 - [MESSAGE][PASSED] - Browser is closed]]></system-out>
         <system-err><![CDATA[]]></system-err>
      </testcase>
      <system-out><![CDATA[2023-01-23 17:42:46 - [TEST_SUITE][PASSED] - Data Driven Negative: Test Cases/Data Driven Testing/Form Authentication Negative]]></system-out>
      <system-err><![CDATA[]]></system-err>
   </testsuite>
</testsuites>
